<?xml version="1.0" encoding="UTF-8"?>
<beans xmlns="http://www.springframework.org/schema/beans"
       xmlns:xsi="http://www.w3.org/2001/XMLSchema-instance"
       xsi:schemaLocation="
       http://www.springframework.org/schema/beans 
       http://www.springframework.org/schema/beans/spring-beans-3.0.xsd">

  <bean id="dataSource" class="org.springframework.jdbc.datasource.DriverManagerDataSource">
    <property name="driverClassName" value="org.hsqldb.jdbcDriver"/>
    <property name="url" value="jdbc:hsqldb:mem:jrubyetl"/>
    <property name="username" value="sa"/>
    <property name="password" value=""/>
  </bean>

  <bean id="hibernateSessionFactory" class="org.springframework.orm.hibernate4.LocalSessionFactoryBean">
    <property name="dataSource" ref="dataSource"/>
    <property name="hibernateProperties">
      <value>
        hibernate.dialect=org.hibernate.dialect.HSQLDialect
        hibernate.connection.pool_size=1
        hibernate.dialect=org.hibernate.dialect.HSQLDialect
        hibernate.cache.provider_class=org.hibernate.testing.cache.CachingRegionFactory
        hibernate.hbm2ddl.auto=create-drop
      </value>
    </property>
    <property name="packagesToScan" value="model"/>
  </bean>

  <bean id="transactionManager" class="org.springframework.orm.hibernate4.HibernateTransactionManager">
    <property name="sessionFactory" ref="hibernateSessionFactory"/>
    <property name="dataSource" ref="dataSource"/>
  </bean>
</beans>
